2025-07-02 07:44:43 | INFO | __main__:initialize:68 | Initializing ML Pipeline...
2025-07-02 07:44:43 | INFO | __main__:initialize:91 | ML Pipeline initialized successfully
2025-07-02 07:44:43 | INFO | __main__:start:100 | Starting ML Pipeline...
2025-07-02 07:44:43 | INFO | __main__:start:111 | ML Pipeline started successfully
2025-07-02 08:14:42 | INFO | __main__:initialize:68 | Initializing ML Pipeline...
2025-07-02 08:14:42 | INFO | __main__:initialize:91 | ML Pipeline initialized successfully
2025-07-02 08:14:42 | INFO | __main__:start:100 | Starting ML Pipeline...
2025-07-02 08:14:42 | INFO | __main__:start:111 | ML Pipeline started successfully
2025-07-02 08:26:39 | INFO | __main__:signal_handler:137 | Received signal 15, shutting down gracefully...
2025-07-02 08:29:11 | INFO | __main__:initialize:68 | Initializing ML Pipeline...
2025-07-02 08:29:11 | INFO | __main__:initialize:91 | ML Pipeline initialized successfully
2025-07-02 08:29:11 | INFO | __main__:start:100 | Starting ML Pipeline...
2025-07-02 08:29:11 | INFO | __main__:start:111 | ML Pipeline started successfully
2025-07-02 08:34:59 | INFO | __main__:signal_handler:137 | Received signal 15, shutting down gracefully...
2025-07-02 08:41:24 | INFO | __main__:initialize:68 | Initializing ML Pipeline...
2025-07-02 08:41:24 | INFO | __main__:initialize:91 | ML Pipeline initialized successfully
2025-07-02 08:41:24 | INFO | __main__:start:100 | Starting ML Pipeline...
2025-07-02 08:41:24 | INFO | __main__:start:111 | ML Pipeline started successfully
2025-07-02 08:42:06 | INFO | __main__:signal_handler:137 | Received signal 15, shutting down gracefully...
2025-07-02 11:49:33 | INFO | __main__:initialize:68 | Initializing ML Pipeline...
2025-07-02 11:49:33 | INFO | __main__:initialize:91 | ML Pipeline initialized successfully
2025-07-02 11:49:33 | INFO | __main__:start:100 | Starting ML Pipeline...
2025-07-02 11:49:33 | INFO | __main__:start:111 | ML Pipeline started successfully
2025-07-02 11:50:08 | INFO | __main__:signal_handler:137 | Received signal 15, shutting down gracefully...
2025-07-03 06:00:12 | INFO | __main__:initialize:68 | Initializing ML Pipeline...
2025-07-03 06:00:12 | INFO | __main__:initialize:91 | ML Pipeline initialized successfully
2025-07-03 06:00:12 | INFO | __main__:start:100 | Starting ML Pipeline...
2025-07-03 06:00:12 | INFO | __main__:start:111 | ML Pipeline started successfully
2025-07-03 06:00:26 | INFO | __main__:signal_handler:137 | Received signal 15, shutting down gracefully...
2025-07-07 10:30:40 | INFO | __main__:initialize:68 | Initializing ML Pipeline...
2025-07-07 10:30:40 | INFO | __main__:initialize:91 | ML Pipeline initialized successfully
2025-07-07 10:30:40 | INFO | __main__:start:100 | Starting ML Pipeline...
2025-07-07 10:30:40 | INFO | __main__:start:111 | ML Pipeline started successfully
2025-07-07 10:47:53 | INFO | __main__:initialize:68 | Initializing ML Pipeline...
2025-07-07 10:47:53 | INFO | __main__:initialize:91 | ML Pipeline initialized successfully
2025-07-07 10:47:53 | INFO | __main__:start:100 | Starting ML Pipeline...
2025-07-07 10:47:53 | INFO | __main__:start:111 | ML Pipeline started successfully
2025-07-07 10:51:00 | INFO | __main__:initialize:68 | Initializing ML Pipeline...
2025-07-07 10:51:00 | INFO | __main__:initialize:91 | ML Pipeline initialized successfully
2025-07-07 10:51:00 | INFO | __main__:start:100 | Starting ML Pipeline...
2025-07-07 10:51:00 | INFO | __main__:start:111 | ML Pipeline started successfully
2025-07-07 10:58:04 | INFO | __main__:initialize:68 | Initializing ML Pipeline...
2025-07-07 10:58:04 | INFO | __main__:initialize:91 | ML Pipeline initialized successfully
2025-07-07 10:58:04 | INFO | __main__:start:100 | Starting ML Pipeline...
2025-07-07 10:58:04 | INFO | __main__:start:111 | ML Pipeline started successfully
2025-07-07 11:43:50 | INFO | __main__:initialize:68 | Initializing ML Pipeline...
2025-07-07 11:43:50 | INFO | __main__:initialize:91 | ML Pipeline initialized successfully
2025-07-07 11:43:50 | INFO | __main__:start:100 | Starting ML Pipeline...
2025-07-07 11:43:50 | INFO | __main__:start:111 | ML Pipeline started successfully
2025-07-07 12:04:51 | INFO | __main__:signal_handler:137 | Received signal 15, shutting down gracefully...
2025-07-07 12:05:12 | INFO | __main__:initialize:68 | Initializing ML Pipeline...
2025-07-07 12:05:12 | INFO | __main__:initialize:91 | ML Pipeline initialized successfully
2025-07-07 12:05:12 | INFO | __main__:start:100 | Starting ML Pipeline...
2025-07-07 12:05:12 | INFO | __main__:start:111 | ML Pipeline started successfully
2025-07-07 12:10:39 | INFO | __main__:initialize:68 | Initializing ML Pipeline...
2025-07-07 12:10:39 | INFO | __main__:initialize:91 | ML Pipeline initialized successfully
2025-07-07 12:10:40 | INFO | __main__:start:100 | Starting ML Pipeline...
2025-07-07 12:10:40 | INFO | __main__:start:111 | ML Pipeline started successfully
2025-07-07 12:13:58 | INFO | __main__:signal_handler:137 | Received signal 15, shutting down gracefully...
2025-07-07 13:06:57 | INFO | __main__:initialize:68 | Initializing ML Pipeline...
2025-07-07 13:06:57 | INFO | __main__:initialize:91 | ML Pipeline initialized successfully
2025-07-07 13:06:57 | INFO | __main__:start:100 | Starting ML Pipeline...
2025-07-07 13:06:57 | INFO | __main__:start:111 | ML Pipeline started successfully
2025-07-07 13:31:36 | INFO | __main__:initialize:68 | Initializing ML Pipeline...
2025-07-07 13:31:36 | INFO | __main__:initialize:91 | ML Pipeline initialized successfully
2025-07-07 13:31:36 | INFO | __main__:start:100 | Starting ML Pipeline...
2025-07-07 13:31:36 | INFO | __main__:start:111 | ML Pipeline started successfully
2025-07-07 13:52:55 | INFO | __main__:initialize:68 | Initializing ML Pipeline...
2025-07-07 13:52:55 | INFO | __main__:initialize:91 | ML Pipeline initialized successfully
2025-07-07 13:52:55 | INFO | __main__:start:100 | Starting ML Pipeline...
2025-07-07 13:52:55 | INFO | __main__:start:111 | ML Pipeline started successfully
2025-07-08 05:26:43 | INFO | __main__:initialize:68 | Initializing ML Pipeline...
2025-07-08 05:26:43 | INFO | __main__:initialize:91 | ML Pipeline initialized successfully
2025-07-08 05:26:43 | INFO | __main__:start:100 | Starting ML Pipeline...
2025-07-08 05:26:43 | INFO | __main__:start:111 | ML Pipeline started successfully
2025-07-08 05:30:14 | INFO | __main__:signal_handler:137 | Received signal 15, shutting down gracefully...
2025-07-08 05:46:19 | INFO | __main__:initialize:68 | Initializing ML Pipeline...
2025-07-08 05:46:19 | INFO | __main__:initialize:91 | ML Pipeline initialized successfully
2025-07-08 05:46:19 | INFO | __main__:start:100 | Starting ML Pipeline...
2025-07-08 05:46:19 | INFO | __main__:start:111 | ML Pipeline started successfully
2025-07-08 05:48:48 | INFO | __main__:signal_handler:137 | Received signal 15, shutting down gracefully...
2025-07-08 07:46:46 | INFO | __main__:initialize:68 | Initializing ML Pipeline...
2025-07-08 07:46:46 | INFO | __main__:initialize:91 | ML Pipeline initialized successfully
2025-07-08 07:46:46 | INFO | __main__:start:100 | Starting ML Pipeline...
2025-07-08 07:46:46 | INFO | __main__:start:111 | ML Pipeline started successfully
2025-07-08 07:49:30 | INFO | __main__:initialize:68 | Initializing ML Pipeline...
2025-07-08 07:49:30 | INFO | __main__:initialize:91 | ML Pipeline initialized successfully
2025-07-08 07:49:30 | INFO | __main__:start:100 | Starting ML Pipeline...
2025-07-08 07:49:30 | INFO | __main__:start:111 | ML Pipeline started successfully
2025-07-09 05:45:31 | INFO | __main__:initialize:68 | Initializing ML Pipeline...
2025-07-09 05:45:31 | INFO | __main__:initialize:91 | ML Pipeline initialized successfully
2025-07-09 05:45:31 | INFO | __main__:start:100 | Starting ML Pipeline...
2025-07-09 05:45:31 | INFO | __main__:start:111 | ML Pipeline started successfully
2025-07-09 07:36:23 | INFO | __main__:initialize:68 | Initializing ML Pipeline...
2025-07-09 07:36:23 | INFO | __main__:initialize:91 | ML Pipeline initialized successfully
2025-07-09 07:36:23 | INFO | __main__:start:100 | Starting ML Pipeline...
2025-07-09 07:36:23 | INFO | __main__:start:111 | ML Pipeline started successfully
2025-07-09 07:41:24 | INFO | __main__:signal_handler:137 | Received signal 15, shutting down gracefully...
2025-07-10 05:42:56 | INFO | __main__:initialize:68 | Initializing ML Pipeline...
2025-07-10 05:42:56 | INFO | __main__:initialize:91 | ML Pipeline initialized successfully
2025-07-10 05:42:56 | INFO | __main__:start:100 | Starting ML Pipeline...
2025-07-10 05:42:56 | INFO | __main__:start:111 | ML Pipeline started successfully
2025-07-10 05:53:05 | INFO | __main__:signal_handler:137 | Received signal 15, shutting down gracefully...
2025-07-10 07:51:34 | INFO | __main__:initialize:68 | Initializing ML Pipeline...
2025-07-10 07:51:34 | INFO | __main__:initialize:91 | ML Pipeline initialized successfully
2025-07-10 07:51:34 | INFO | __main__:start:100 | Starting ML Pipeline...
2025-07-10 07:51:34 | INFO | __main__:start:111 | ML Pipeline started successfully
2025-07-10 07:59:14 | INFO | __main__:initialize:68 | Initializing ML Pipeline...
2025-07-10 07:59:14 | INFO | __main__:initialize:91 | ML Pipeline initialized successfully
2025-07-10 07:59:14 | INFO | __main__:start:100 | Starting ML Pipeline...
2025-07-10 07:59:14 | INFO | __main__:start:111 | ML Pipeline started successfully
2025-07-10 08:09:00 | INFO | __main__:initialize:68 | Initializing ML Pipeline...
2025-07-10 08:09:00 | INFO | __main__:initialize:91 | ML Pipeline initialized successfully
2025-07-10 08:09:00 | INFO | __main__:start:100 | Starting ML Pipeline...
2025-07-10 08:09:00 | INFO | __main__:start:111 | ML Pipeline started successfully
2025-07-10 08:22:14 | INFO | __main__:initialize:68 | Initializing ML Pipeline...
2025-07-10 08:22:14 | INFO | __main__:initialize:91 | ML Pipeline initialized successfully
2025-07-10 08:22:14 | INFO | __main__:start:100 | Starting ML Pipeline...
2025-07-10 08:22:14 | INFO | __main__:start:111 | ML Pipeline started successfully
2025-07-10 08:25:42 | INFO | __main__:signal_handler:137 | Received signal 15, shutting down gracefully...
2025-07-10 08:38:47 | INFO | __main__:initialize:68 | Initializing ML Pipeline...
2025-07-10 08:38:47 | INFO | __main__:initialize:91 | ML Pipeline initialized successfully
2025-07-10 08:38:47 | INFO | __main__:start:100 | Starting ML Pipeline...
2025-07-10 08:38:47 | INFO | __main__:start:111 | ML Pipeline started successfully
2025-07-10 08:41:19 | INFO | __main__:signal_handler:137 | Received signal 15, shutting down gracefully...
2025-07-10 09:10:51 | INFO | __main__:initialize:68 | Initializing ML Pipeline...
2025-07-10 09:10:51 | INFO | __main__:initialize:91 | ML Pipeline initialized successfully
2025-07-10 09:10:51 | INFO | __main__:start:100 | Starting ML Pipeline...
2025-07-10 09:10:51 | INFO | __main__:start:111 | ML Pipeline started successfully
2025-07-10 09:17:30 | INFO | __main__:signal_handler:137 | Received signal 15, shutting down gracefully...
2025-07-11 05:09:06 | INFO | __main__:initialize:68 | Initializing ML Pipeline...
2025-07-11 05:09:06 | INFO | __main__:initialize:91 | ML Pipeline initialized successfully
2025-07-11 05:09:06 | INFO | __main__:start:100 | Starting ML Pipeline...
2025-07-11 05:09:06 | INFO | __main__:start:111 | ML Pipeline started successfully
2025-07-11 05:29:22 | INFO | __main__:signal_handler:137 | Received signal 15, shutting down gracefully...
2025-07-11 06:42:46 | INFO | __main__:initialize:68 | Initializing ML Pipeline...
2025-07-11 06:42:46 | INFO | __main__:initialize:91 | ML Pipeline initialized successfully
2025-07-11 06:42:46 | INFO | __main__:start:100 | Starting ML Pipeline...
2025-07-11 06:42:46 | INFO | __main__:start:111 | ML Pipeline started successfully
2025-07-11 06:58:29 | INFO | __main__:signal_handler:137 | Received signal 15, shutting down gracefully...
2025-07-11 08:04:29 | INFO | __main__:initialize:68 | Initializing ML Pipeline...
2025-07-11 08:04:29 | INFO | __main__:initialize:91 | ML Pipeline initialized successfully
2025-07-11 08:04:29 | INFO | __main__:start:100 | Starting ML Pipeline...
2025-07-11 08:04:29 | INFO | __main__:start:111 | ML Pipeline started successfully
2025-07-11 09:22:14 | INFO | __main__:signal_handler:137 | Received signal 15, shutting down gracefully...
2025-07-11 10:53:04 | INFO | __main__:initialize:68 | Initializing ML Pipeline...
2025-07-11 10:53:04 | INFO | __main__:initialize:91 | ML Pipeline initialized successfully
2025-07-11 10:53:04 | INFO | __main__:start:100 | Starting ML Pipeline...
2025-07-11 10:53:04 | INFO | __main__:start:111 | ML Pipeline started successfully
2025-07-11 12:38:14 | INFO | __main__:signal_handler:137 | Received signal 15, shutting down gracefully...
2025-07-11 12:44:23 | INFO | __main__:initialize:68 | Initializing ML Pipeline...
2025-07-11 12:44:23 | INFO | __main__:initialize:91 | ML Pipeline initialized successfully
2025-07-11 12:44:23 | INFO | __main__:start:100 | Starting ML Pipeline...
2025-07-11 12:44:23 | INFO | __main__:start:111 | ML Pipeline started successfully
2025-07-11 13:31:09 | INFO | __main__:signal_handler:137 | Received signal 15, shutting down gracefully...
